[2023-11-09T01:54:16.555+0000] {taskinstance.py:1083} INFO - Dependencies all met for <TaskInstance: early_sepsis_prediction.train_test_val_split manual__2023-11-09T01:54:10.427993+00:00 [queued]>
[2023-11-09T01:54:16.566+0000] {taskinstance.py:1083} INFO - Dependencies all met for <TaskInstance: early_sepsis_prediction.train_test_val_split manual__2023-11-09T01:54:10.427993+00:00 [queued]>
[2023-11-09T01:54:16.567+0000] {taskinstance.py:1279} INFO - 
--------------------------------------------------------------------------------
[2023-11-09T01:54:16.568+0000] {taskinstance.py:1280} INFO - Starting attempt 1 of 1
[2023-11-09T01:54:16.569+0000] {taskinstance.py:1281} INFO - 
--------------------------------------------------------------------------------
[2023-11-09T01:54:16.584+0000] {taskinstance.py:1300} INFO - Executing <Task(PythonOperator): train_test_val_split> on 2023-11-09 01:54:10.427993+00:00
[2023-11-09T01:54:16.594+0000] {standard_task_runner.py:55} INFO - Started process 147 to run task
[2023-11-09T01:54:16.605+0000] {standard_task_runner.py:82} INFO - Running: ['***', 'tasks', 'run', 'early_sepsis_prediction', 'train_test_val_split', 'manual__2023-11-09T01:54:10.427993+00:00', '--job-id', '24', '--raw', '--subdir', 'DAGS_FOLDER/***.py', '--cfg-path', '/tmp/tmpxma64xzu']
[2023-11-09T01:54:16.610+0000] {standard_task_runner.py:83} INFO - Job 24: Subtask train_test_val_split
[2023-11-09T01:54:16.709+0000] {task_command.py:388} INFO - Running <TaskInstance: early_sepsis_prediction.train_test_val_split manual__2023-11-09T01:54:10.427993+00:00 [running]> on host 0d4fe30d04d1
[2023-11-09T01:54:16.802+0000] {taskinstance.py:1509} INFO - Exporting the following env vars:
AIRFLOW_CTX_DAG_OWNER=your_name
AIRFLOW_CTX_DAG_ID=early_sepsis_prediction
AIRFLOW_CTX_TASK_ID=train_test_val_split
AIRFLOW_CTX_EXECUTION_DATE=2023-11-09T01:54:10.427993+00:00
AIRFLOW_CTX_TRY_NUMBER=1
AIRFLOW_CTX_DAG_RUN_ID=manual__2023-11-09T01:54:10.427993+00:00
[2023-11-09T01:54:16.804+0000] {taskinstance.py:1768} ERROR - Task failed with exception
Traceback (most recent call last):
  File "/home/airflow/.local/lib/python3.7/site-packages/airflow/operators/python.py", line 175, in execute
    return_value = self.execute_callable()
  File "/home/airflow/.local/lib/python3.7/site-packages/airflow/operators/python.py", line 192, in execute_callable
    return self.python_callable(*self.op_args, **self.op_kwargs)
TypeError: train_test_val_split() missing 1 required positional argument: 'data'
[2023-11-09T01:54:16.816+0000] {taskinstance.py:1323} INFO - Marking task as FAILED. dag_id=early_sepsis_prediction, task_id=train_test_val_split, execution_date=20231109T015410, start_date=20231109T015416, end_date=20231109T015416
[2023-11-09T01:54:16.832+0000] {standard_task_runner.py:105} ERROR - Failed to execute job 24 for task train_test_val_split (train_test_val_split() missing 1 required positional argument: 'data'; 147)
[2023-11-09T01:54:16.855+0000] {local_task_job.py:208} INFO - Task exited with return code 1
[2023-11-09T01:54:16.887+0000] {taskinstance.py:2578} INFO - 0 downstream tasks scheduled from follow-on schedule check
