[2023-11-10T00:44:51.333+0000] {taskinstance.py:1083} INFO - Dependencies all met for <TaskInstance: early_sepsis_prediction.load_train_test_valid_files manual__2023-11-10T00:44:42.432964+00:00 [queued]>
[2023-11-10T00:44:51.376+0000] {taskinstance.py:1083} INFO - Dependencies all met for <TaskInstance: early_sepsis_prediction.load_train_test_valid_files manual__2023-11-10T00:44:42.432964+00:00 [queued]>
[2023-11-10T00:44:51.379+0000] {taskinstance.py:1279} INFO - 
--------------------------------------------------------------------------------
[2023-11-10T00:44:51.380+0000] {taskinstance.py:1280} INFO - Starting attempt 1 of 1
[2023-11-10T00:44:51.383+0000] {taskinstance.py:1281} INFO - 
--------------------------------------------------------------------------------
[2023-11-10T00:44:51.422+0000] {taskinstance.py:1300} INFO - Executing <Task(PythonOperator): load_train_test_valid_files> on 2023-11-10 00:44:42.432964+00:00
[2023-11-10T00:44:51.500+0000] {standard_task_runner.py:55} INFO - Started process 11770 to run task
[2023-11-10T00:44:51.507+0000] {standard_task_runner.py:82} INFO - Running: ['***', 'tasks', 'run', 'early_sepsis_prediction', 'load_train_test_valid_files', 'manual__2023-11-10T00:44:42.432964+00:00', '--job-id', '295', '--raw', '--subdir', 'DAGS_FOLDER/***.py', '--cfg-path', '/tmp/tmp_n53zbx2']
[2023-11-10T00:44:51.528+0000] {standard_task_runner.py:83} INFO - Job 295: Subtask load_train_test_valid_files
[2023-11-10T00:44:52.194+0000] {task_command.py:388} INFO - Running <TaskInstance: early_sepsis_prediction.load_train_test_valid_files manual__2023-11-10T00:44:42.432964+00:00 [running]> on host 911414a99fc3
[2023-11-10T00:44:52.490+0000] {taskinstance.py:1509} INFO - Exporting the following env vars:
AIRFLOW_CTX_DAG_OWNER=Pavs
AIRFLOW_CTX_DAG_ID=early_sepsis_prediction
AIRFLOW_CTX_TASK_ID=load_train_test_valid_files
AIRFLOW_CTX_EXECUTION_DATE=2023-11-10T00:44:42.432964+00:00
AIRFLOW_CTX_TRY_NUMBER=1
AIRFLOW_CTX_DAG_RUN_ID=manual__2023-11-10T00:44:42.432964+00:00
[2023-11-10T00:44:57.620+0000] {taskinstance.py:1768} ERROR - Task failed with exception
Traceback (most recent call last):
  File "/home/airflow/.local/lib/python3.7/site-packages/airflow/operators/python.py", line 175, in execute
    return_value = self.execute_callable()
  File "/home/airflow/.local/lib/python3.7/site-packages/airflow/operators/python.py", line 192, in execute_callable
    return self.python_callable(*self.op_args, **self.op_kwargs)
  File "/opt/airflow/dags/src/pylab1.py", line 39, in load_train_test_valid_files
    data = pd.read_csv(file_path, sep='|')  # Assuming the files are pipe-separated
  File "/home/airflow/.local/lib/python3.7/site-packages/pandas/util/_decorators.py", line 311, in wrapper
    return func(*args, **kwargs)
  File "/home/airflow/.local/lib/python3.7/site-packages/pandas/io/parsers/readers.py", line 586, in read_csv
    return _read(filepath_or_buffer, kwds)
  File "/home/airflow/.local/lib/python3.7/site-packages/pandas/io/parsers/readers.py", line 488, in _read
    return parser.read(nrows)
  File "/home/airflow/.local/lib/python3.7/site-packages/pandas/io/parsers/readers.py", line 1047, in read
    index, columns, col_dict = self._engine.read(nrows)
  File "/home/airflow/.local/lib/python3.7/site-packages/pandas/io/parsers/c_parser_wrapper.py", line 224, in read
    chunks = self._reader.read_low_memory(nrows)
  File "pandas/_libs/parsers.pyx", line 801, in pandas._libs.parsers.TextReader.read_low_memory
  File "pandas/_libs/parsers.pyx", line 857, in pandas._libs.parsers.TextReader._read_rows
  File "pandas/_libs/parsers.pyx", line 843, in pandas._libs.parsers.TextReader._tokenize_rows
  File "pandas/_libs/parsers.pyx", line 1925, in pandas._libs.parsers.raise_parser_error
pandas.errors.ParserError: Error tokenizing data. C error: Expected 1 fields in line 25, saw 3

[2023-11-10T00:44:57.651+0000] {taskinstance.py:1323} INFO - Marking task as FAILED. dag_id=early_sepsis_prediction, task_id=load_train_test_valid_files, execution_date=20231110T004442, start_date=20231110T004451, end_date=20231110T004457
[2023-11-10T00:44:57.681+0000] {standard_task_runner.py:105} ERROR - Failed to execute job 295 for task load_train_test_valid_files (Error tokenizing data. C error: Expected 1 fields in line 25, saw 3
; 11770)
[2023-11-10T00:44:57.753+0000] {local_task_job.py:208} INFO - Task exited with return code 1
[2023-11-10T00:44:57.786+0000] {taskinstance.py:2578} INFO - 0 downstream tasks scheduled from follow-on schedule check
