[2023-11-09T22:42:50.671+0000] {taskinstance.py:1083} INFO - Dependencies all met for <TaskInstance: early_sepsis_prediction.preprocess_zero_imput_norm manual__2023-11-09T22:42:45.678826+00:00 [queued]>
[2023-11-09T22:42:50.681+0000] {taskinstance.py:1083} INFO - Dependencies all met for <TaskInstance: early_sepsis_prediction.preprocess_zero_imput_norm manual__2023-11-09T22:42:45.678826+00:00 [queued]>
[2023-11-09T22:42:50.682+0000] {taskinstance.py:1279} INFO - 
--------------------------------------------------------------------------------
[2023-11-09T22:42:50.683+0000] {taskinstance.py:1280} INFO - Starting attempt 1 of 1
[2023-11-09T22:42:50.684+0000] {taskinstance.py:1281} INFO - 
--------------------------------------------------------------------------------
[2023-11-09T22:42:50.697+0000] {taskinstance.py:1300} INFO - Executing <Task(PythonOperator): preprocess_zero_imput_norm> on 2023-11-09 22:42:45.678826+00:00
[2023-11-09T22:42:50.707+0000] {standard_task_runner.py:55} INFO - Started process 4708 to run task
[2023-11-09T22:42:50.713+0000] {standard_task_runner.py:82} INFO - Running: ['***', 'tasks', 'run', 'early_sepsis_prediction', 'preprocess_zero_imput_norm', 'manual__2023-11-09T22:42:45.678826+00:00', '--job-id', '260', '--raw', '--subdir', 'DAGS_FOLDER/***.py', '--cfg-path', '/tmp/tmppa4slmtd']
[2023-11-09T22:42:50.718+0000] {standard_task_runner.py:83} INFO - Job 260: Subtask preprocess_zero_imput_norm
[2023-11-09T22:42:50.822+0000] {task_command.py:388} INFO - Running <TaskInstance: early_sepsis_prediction.preprocess_zero_imput_norm manual__2023-11-09T22:42:45.678826+00:00 [running]> on host 911414a99fc3
[2023-11-09T22:42:50.908+0000] {taskinstance.py:1509} INFO - Exporting the following env vars:
AIRFLOW_CTX_DAG_OWNER=Pavs
AIRFLOW_CTX_DAG_ID=early_sepsis_prediction
AIRFLOW_CTX_TASK_ID=preprocess_zero_imput_norm
AIRFLOW_CTX_EXECUTION_DATE=2023-11-09T22:42:45.678826+00:00
AIRFLOW_CTX_TRY_NUMBER=1
AIRFLOW_CTX_DAG_RUN_ID=manual__2023-11-09T22:42:45.678826+00:00
[2023-11-09T22:42:51.038+0000] {warnings.py:110} WARNING - /home/***/.local/lib/python3.7/site-packages/sklearn/base.py:493: FutureWarning: The feature names should match those that were passed during fit. Starting version 1.2, an error will be raised.
Feature names unseen at fit time:
- Bilirubin_direct
- EtCO2
- Fibrinogen
- TroponinI
Feature names seen at fit time, yet now missing:
- BaseExcess
- Glucose
- HR
- Hct
- Platelets

  warnings.warn(message, FutureWarning)

[2023-11-09T22:42:51.040+0000] {taskinstance.py:1768} ERROR - Task failed with exception
Traceback (most recent call last):
  File "/home/airflow/.local/lib/python3.7/site-packages/airflow/operators/python.py", line 175, in execute
    return_value = self.execute_callable()
  File "/home/airflow/.local/lib/python3.7/site-packages/airflow/operators/python.py", line 192, in execute_callable
    return self.python_callable(*self.op_args, **self.op_kwargs)
  File "/opt/airflow/dags/src/pylab1.py", line 122, in preprocess_zero_imput_norm
    test_df.iloc[:,1:-1] = scaler.transform(test_df.iloc[:,1:-1])
  File "/home/airflow/.local/lib/python3.7/site-packages/sklearn/preprocessing/_data.py", line 501, in transform
    reset=False,
  File "/home/airflow/.local/lib/python3.7/site-packages/sklearn/base.py", line 585, in _validate_data
    self._check_n_features(X, reset=reset)
  File "/home/airflow/.local/lib/python3.7/site-packages/sklearn/base.py", line 401, in _check_n_features
    f"X has {n_features} features, but {self.__class__.__name__} "
ValueError: X has 35 features, but MinMaxScaler is expecting 36 features as input.
[2023-11-09T22:42:51.059+0000] {taskinstance.py:1323} INFO - Marking task as FAILED. dag_id=early_sepsis_prediction, task_id=preprocess_zero_imput_norm, execution_date=20231109T224245, start_date=20231109T224250, end_date=20231109T224251
[2023-11-09T22:42:51.074+0000] {standard_task_runner.py:105} ERROR - Failed to execute job 260 for task preprocess_zero_imput_norm (X has 35 features, but MinMaxScaler is expecting 36 features as input.; 4708)
[2023-11-09T22:42:51.131+0000] {local_task_job.py:208} INFO - Task exited with return code 1
[2023-11-09T22:42:51.156+0000] {taskinstance.py:2578} INFO - 0 downstream tasks scheduled from follow-on schedule check
