[2023-11-09T02:35:14.887+0000] {taskinstance.py:1083} INFO - Dependencies all met for <TaskInstance: Data_pipeline_dag.train_test_valid_split scheduled__2023-11-09T02:34:17.986502+00:00 [queued]>
[2023-11-09T02:35:14.895+0000] {taskinstance.py:1083} INFO - Dependencies all met for <TaskInstance: Data_pipeline_dag.train_test_valid_split scheduled__2023-11-09T02:34:17.986502+00:00 [queued]>
[2023-11-09T02:35:14.896+0000] {taskinstance.py:1279} INFO - 
--------------------------------------------------------------------------------
[2023-11-09T02:35:14.897+0000] {taskinstance.py:1280} INFO - Starting attempt 1 of 1
[2023-11-09T02:35:14.898+0000] {taskinstance.py:1281} INFO - 
--------------------------------------------------------------------------------
[2023-11-09T02:35:14.909+0000] {taskinstance.py:1300} INFO - Executing <Task(PythonOperator): train_test_valid_split> on 2023-11-09 02:34:17.986502+00:00
[2023-11-09T02:35:14.915+0000] {standard_task_runner.py:55} INFO - Started process 139 to run task
[2023-11-09T02:35:14.920+0000] {standard_task_runner.py:82} INFO - Running: ['***', 'tasks', 'run', 'Data_pipeline_dag', 'train_test_valid_split', 'scheduled__2023-11-09T02:34:17.986502+00:00', '--job-id', '29', '--raw', '--subdir', 'DAGS_FOLDER/demo.py', '--cfg-path', '/tmp/tmp_7cm4spl']
[2023-11-09T02:35:14.923+0000] {standard_task_runner.py:83} INFO - Job 29: Subtask train_test_valid_split
[2023-11-09T02:35:14.997+0000] {task_command.py:388} INFO - Running <TaskInstance: Data_pipeline_dag.train_test_valid_split scheduled__2023-11-09T02:34:17.986502+00:00 [running]> on host 4460f47ac51f
[2023-11-09T02:35:15.068+0000] {taskinstance.py:1509} INFO - Exporting the following env vars:
AIRFLOW_CTX_DAG_OWNER=***
AIRFLOW_CTX_DAG_ID=Data_pipeline_dag
AIRFLOW_CTX_TASK_ID=train_test_valid_split
AIRFLOW_CTX_EXECUTION_DATE=2023-11-09T02:34:17.986502+00:00
AIRFLOW_CTX_TRY_NUMBER=1
AIRFLOW_CTX_DAG_RUN_ID=scheduled__2023-11-09T02:34:17.986502+00:00
[2023-11-09T02:35:15.070+0000] {taskinstance.py:1768} ERROR - Task failed with exception
Traceback (most recent call last):
  File "/home/airflow/.local/lib/python3.7/site-packages/airflow/operators/python.py", line 175, in execute
    return_value = self.execute_callable()
  File "/home/airflow/.local/lib/python3.7/site-packages/airflow/operators/python.py", line 192, in execute_callable
    return self.python_callable(*self.op_args, **self.op_kwargs)
  File "/opt/airflow/dags/demo.py", line 23, in train_test_valid_files
    for f in os.listdir(path):
FileNotFoundError: [Errno 2] No such file or directory: '/opt/airflow/dags/../data/Dataset'
[2023-11-09T02:35:15.083+0000] {taskinstance.py:1323} INFO - Marking task as FAILED. dag_id=Data_pipeline_dag, task_id=train_test_valid_split, execution_date=20231109T023417, start_date=20231109T023514, end_date=20231109T023515
[2023-11-09T02:35:15.094+0000] {standard_task_runner.py:105} ERROR - Failed to execute job 29 for task train_test_valid_split ([Errno 2] No such file or directory: '/opt/airflow/dags/../data/Dataset'; 139)
[2023-11-09T02:35:15.133+0000] {local_task_job.py:208} INFO - Task exited with return code 1
[2023-11-09T02:35:15.161+0000] {taskinstance.py:2578} INFO - 0 downstream tasks scheduled from follow-on schedule check
